0.8
0.012822839281354
0.011804923005791
0.012804113481140
0.010308997562629
0.010059497232060
0.010839134518541
0.010896994627017
0.010069320880315
0.010016278882144
0.012281692570760
0.011733655071929
0.009679506425061
0.011572071373646
0.011092019953008
0.009473825541936
0.010252134818557
0.011767055451243
0.011422355865011
0.010359948087627
0.011074118790861
0.011184455171763
0.009807731471902
0.010441131554925
0.011853146176691
0.010681645009957
0.010428740623615
0.009755501649075
0.011138732808038
0.010270891680056
0.010387088598142
0.009789148093170
0.010497914249200
0.010590271884952
0.011222104836331
0.010862187646265
0.010949014434360
0.008888257724859
0.011509914929316
0.012183951473753
0.008424088309932
0.011016110593073
0.010665908970965
0.010292755402907
0.010692628472378
0.010409191933759
0.008227536157496
0.008460286967652
0.010750260286433
0.010845720943154
0.010792942158571
0.009998166100892
0.009426659931290
0.009579061165275
0.009393534505038
0.010714776587227
0.008595608122442
0.009001967402186
0.010395617034786
0.009768765061201
0.010453678673018
0.008650368010303
0.009961277057577
0.009159494015368
0.008556427128059
0.009407001437898
0.009984996387882
0.009637956470788
0.007861566783979
0.010019859351722
0.009041617347309
0.009923151629855
0.009786101322294
0.010159676377700
0.008828980168771
0.009432591019190
0.009786236476284
0.009917050175261
0.009177471992703
0.009759183424877
0.007643329863613
0.008670164221203
0.008573718582754
0.008964504938410
0.007763296409839
0.008778970892415
0.009247822788103
0.009271192179955
0.009561956287120
0.009415679707234
0.010439230451101
0.007894292095513
0.009823738951992
0.009264470034594
0.009840422974088
0.009853838018597
0.009262722019375
0.008074159739756
0.009601820663197
0.009556222338737
0.008769862047907
