0.8
0.003038016880497
0.003062566511855
0.003087567054809
0.003113031525364
0.003138973454742
0.003165406915413
0.003192346548736
0.003219807594316
0.003247805921224
0.003276358061190
0.003305481243957
0.003335193434913
0.003365513375231
0.003396460624658
0.003428055607213
0.003460319659987
0.003493275085320
0.003526945206624
0.003561354428152
0.003596528299048
0.003632493582038
0.003669278327173
0.003706911951041
0.003745425321961
0.003784850851666
0.003825222594084
0.003866576351858
0.003908949791330
0.003952382566789
0.003996916454866
0.004042595500064
0.004089466172529
0.004137577539264
0.004186981450181
0.004237732740486
0.004289889451138
0.004343513069278
0.004398668790792
0.004455425807448
0.004513857621316
0.004574042389600
0.004636063303357
0.004700009004093
0.004765974042747
0.004834059386215
0.004904372977287
0.004977030354729
0.005052155341215
0.005129880808003
0.005210349526560
0.005293715118985
0.005380143120927
0.005469812172943
0.005562915358865
0.005659661712933
0.005760277921162
0.005865010247002
0.005974126716713
0.006087919606556
0.006206708281805
0.006330842447442
0.006460705882261
0.006596720742940
0.006739352542787
0.006889115932627
0.007046581439659
0.007212383355886
0.007387229012998
0.007571909738323
0.007767313860603
0.007974442230219
0.008194426843466
0.008428553324708
0.008678288238033
0.008945312491511
0.009231562491239
0.009539281240947
0.009871082327588
0.010230030775864
0.010619746233993
0.011044536083352
0.011509569181599
0.012021105589670
0.012586804676242
0.013216144910055
0.013921005971924
0.014716492027463
0.015622122306076
0.016663597126481
0.017875495099316
0.019305534707261
0.021021582236795
0.023123740460475
0.025766453655958
0.029201980810085
0.033874297739699
0.040649157287639
0.051488932564343
0.072084505590080
0.129752110062143
