0.8
0.096111104305958
0.002776655388331
0.002799321962930
0.002822409154376
0.002845929230663
0.002869894950500
0.002894319588377
0.002919216961180
0.002944601456495
0.002970488062705
0.002996892401041
0.003023830759702
0.003051320130244
0.003079378246385
0.003108023625421
0.003137275612483
0.003167154427840
0.003197681217506
0.003228878107433
0.003260768261581
0.003293375944197
0.003326726586669
0.003360846859353
0.003395764748801
0.003431509640894
0.003468112410397
0.003505605517536
0.003544023112249
0.003583401146829
0.003623777497779
0.003665192097754
0.003707687078598
0.003751306926581
0.003796098651078
0.003842111968060
0.003889399499975
0.003938016993725
0.003988023558724
0.004039481927224
0.004092458739384
0.004147024855909
0.004203255701413
0.004261231642122
0.004321038402012
0.004382767522041
0.004446516867816
0.004512391191783
0.004580502756942
0.004650972030126
0.004723928454128
0.004799511309394
0.004877870677711
0.004959168522339
0.005043579901443
0.005131294334512
0.005222517344903
0.005317472205719
0.005416401921174
0.005519571481578
0.005627270437316
0.005739815846062
0.005857555658289
0.005980872619516
0.006110188784263
0.006245970757246
0.006388735803126
0.006539058998494
0.006697581640882
0.006865021181904
0.007042183018856
0.007229974566025
0.007429422140261
0.007641691344268
0.007868111828543
0.008110207577113
0.008369734219581
0.008648725360234
0.008949550590155
0.009274988793433
0.009628321699850
0.010013454567843
0.010435073707542
0.010898854761211
0.011411742044091
0.011982329146296
0.012621386700765
0.013342608797951
0.014163692416287
0.015107938577373
0.016206697746636
0.017503233566367
0.019059076550044
0.020964984205049
0.023360982399911
0.026475780053233
0.030711904861750
0.036854285834100
0.046682095389860
0.065354933545804
0.117638880382447
