0.85
0.009052223769716
0.016746613973974
0.023286845647593
0.028846042570170
0.033571359954360
0.037587879730922
0.009052223769716
0.009052223769716
0.009052223769716
0.009052223769716
0.009052223769716
0.009052223769716
0.009052223769716
0.009052223769716
0.009052223769716
0.009052223769716
0.009052223769716
0.009052223769716
0.009052223769716
0.009052223769716
0.009052223769716
0.009052223769716
0.009052223769716
0.009052223769716
0.009052223769716
0.009052223769716
0.009052223769716
0.009052223769716
0.009052223769716
0.009052223769716
0.009052223769716
0.009052223769716
0.009052223769716
0.009052223769716
0.009052223769716
0.009052223769716
0.009052223769716
0.009052223769716
0.009052223769716
0.009052223769716
0.009052223769716
0.009052223769716
0.009052223769716
0.009052223769716
0.009052223769716
0.009052223769716
0.009052223769716
0.009052223769716
0.009052223769716
0.009052223769716
0.009052223769716
0.009052223769716
0.009052223769716
0.009052223769716
0.009052223769716
0.009052223769716
0.009052223769716
0.009052223769716
0.009052223769716
0.009052223769716
0.009052223769716
0.009052223769716
0.009052223769716
0.009052223769716
0.009052223769716
0.009052223769716
0.009052223769716
0.009052223769716
0.009052223769716
0.009052223769716
0.009052223769716
0.009052223769716
0.009052223769716
0.009052223769716
0.009052223769716
0.009052223769716
0.009052223769716
0.009052223769716
0.009052223769716
0.009052223769716
0.009052223769716
0.009052223769716
0.009052223769716
0.009052223769716
0.009052223769716
0.009052223769716
0.009052223769716
0.009052223769716
0.009052223769716
0.009052223769716
0.009052223769716
0.009052223769716
0.009052223769716
0.009052223769716
0.009052223769716
0.009052223769716
0.009052223769716
0.009052223769716
0.009052223769716
0.009052223769716
