0.8
0.002222124413981
0.003999823945166
0.005421983570114
0.006559711270072
0.007469893430039
0.008198039158012
0.008780555740390
0.009246569006293
0.009619379619016
0.009917628109194
0.010156226901336
0.010347105935050
0.010499809162021
0.010621971743598
0.010719701808859
0.010797885861068
0.010860433102836
0.010910470896249
0.010950501130981
0.010982525318765
0.011008144668993
0.011028640149176
0.011045036533322
0.011058153640638
0.011068647326492
0.011077042275174
0.011083758234120
0.011089131001277
0.011093429215003
0.011096867785983
0.011099618642768
0.011110622069905
0.011110622069905
0.011110622069905
0.011110622069905
0.011110622069905
0.011110622069905
0.011110622069905
0.011110622069905
0.011110622069905
0.011110622069905
0.011110622069905
0.011110622069905
0.011110622069905
0.011110622069905
0.011110622069905
0.011110622069905
0.011110622069905
0.011110622069905
0.011110622069905
0.011110622069905
0.011110622069905
0.011110622069905
0.011110622069905
0.011110622069905
0.011110622069905
0.011110622069905
0.011110622069905
0.011110622069905
0.011110622069905
0.011110622069905
0.011110622069905
0.011110622069905
0.011110622069905
0.011110622069905
0.011110622069905
0.011110622069905
0.011110622069905
0.011110622069905
0.011110622069905
0.011110622069905
0.011110622069905
0.011110622069905
0.011110622069905
0.011110622069905
0.011110622069905
0.011110622069905
0.011110622069905
0.011110622069905
0.011110622069905
0.011110622069905
0.011110622069905
0.011110622069905
0.011110622069905
0.011110622069905
0.011110622069905
0.011110622069905
0.011110622069905
0.011110622069905
0.011110622069905
0.011110622069905
0.011110622069905
0.011110622069905
0.011110622069905
